0 info it worked if it ends with ok
1 verbose cli [ '/usr/local/bin/node',
1 verbose cli   '/Users/sat/.npm-packages/bin/npm',
1 verbose cli   'run',
1 verbose cli   'dev-server' ]
2 info using npm@3.10.7
3 info using node@v9.7.1
4 verbose run-script [ 'predev-server', 'dev-server', 'postdev-server' ]
5 info lifecycle boilerplate@1.0.0~predev-server: boilerplate@1.0.0
6 silly lifecycle boilerplate@1.0.0~predev-server: no script for predev-server, continuing
7 info lifecycle boilerplate@1.0.0~dev-server: boilerplate@1.0.0
8 verbose lifecycle boilerplate@1.0.0~dev-server: unsafe-perm in lifecycle true
9 verbose lifecycle boilerplate@1.0.0~dev-server: PATH: /Users/sat/.npm-packages/lib/node_modules/npm/bin/node-gyp-bin:/Users/sat/Dropbox (StorageMart)/React/expensify-app/node_modules/.bin:/Users/sat/.npm-packages/bin:/usr/local/bin:/usr/bin:/bin:/usr/sbin:/sbin:/usr/local/share/dotnet:/usr/local/go/bin:/Library/Frameworks/Mono.framework/Versions/Current/Commands:/Applications/Postgres.app/Contents/Versions/latest/bin:/Users/sat/.npm-packages/bin:/Applications/DevDesktop/tools:/Users/sat/.rvm/bin:/Applications/DevDesktop/tools:/Users/sat/.rvm/bin:/Users/sat/.rvm/bin:/Applications/DevDesktop/tools
10 verbose lifecycle boilerplate@1.0.0~dev-server: CWD: /Users/sat/Dropbox (StorageMart)/React/expensify-app
11 silly lifecycle boilerplate@1.0.0~dev-server: Args: [ '-c', 'webpack-dev-server' ]
12 silly lifecycle boilerplate@1.0.0~dev-server: Returned: code: 1  signal: null
13 info lifecycle boilerplate@1.0.0~dev-server: Failed to exec dev-server script
14 verbose stack Error: boilerplate@1.0.0 dev-server: `webpack-dev-server`
14 verbose stack Exit status 1
14 verbose stack     at EventEmitter.<anonymous> (/Users/sat/.npm-packages/lib/node_modules/npm/lib/utils/lifecycle.js:255:16)
14 verbose stack     at EventEmitter.emit (events.js:127:13)
14 verbose stack     at ChildProcess.<anonymous> (/Users/sat/.npm-packages/lib/node_modules/npm/lib/utils/spawn.js:40:14)
14 verbose stack     at ChildProcess.emit (events.js:127:13)
14 verbose stack     at maybeClose (internal/child_process.js:936:16)
14 verbose stack     at Process.ChildProcess._handle.onexit (internal/child_process.js:220:5)
15 verbose pkgid boilerplate@1.0.0
16 verbose cwd /Users/sat/Dropbox (StorageMart)/React/expensify-app
17 error Darwin 17.4.0
18 error argv "/usr/local/bin/node" "/Users/sat/.npm-packages/bin/npm" "run" "dev-server"
19 error node v9.7.1
20 error npm  v3.10.7
21 error code ELIFECYCLE
22 error boilerplate@1.0.0 dev-server: `webpack-dev-server`
22 error Exit status 1
23 error Failed at the boilerplate@1.0.0 dev-server script 'webpack-dev-server'.
23 error Make sure you have the latest version of node.js and npm installed.
23 error If you do, this is most likely a problem with the boilerplate package,
23 error not with npm itself.
23 error Tell the author that this fails on your system:
23 error     webpack-dev-server
23 error You can get information on how to open an issue for this project with:
23 error     npm bugs boilerplate
23 error Or if that isn't available, you can get their info via:
23 error     npm owner ls boilerplate
23 error There is likely additional logging output above.
24 verbose exit [ 1, true ]
